2020-03-24T13:08:48: PM2 log: ===============================================================================
2020-03-24T13:08:48: PM2 log: --- New PM2 Daemon started ----------------------------------------------------
2020-03-24T13:08:48: PM2 log: Time                 : Tue Mar 24 2020 13:08:48 GMT+0700 (Indochina Time)
2020-03-24T13:08:48: PM2 log: PM2 version          : 3.5.1
2020-03-24T13:08:48: PM2 log: Node.js version      : 10.16.0
2020-03-24T13:08:48: PM2 log: Current arch         : x64
2020-03-24T13:08:48: PM2 log: PM2 home             : /home/nginx/diagame/.pm2
2020-03-24T13:08:48: PM2 log: PM2 PID file         : /home/nginx/diagame/.pm2/pm2.pid
2020-03-24T13:08:48: PM2 log: RPC socket file      : /home/nginx/diagame/.pm2/rpc.sock
2020-03-24T13:08:48: PM2 log: BUS socket file      : /home/nginx/diagame/.pm2/pub.sock
2020-03-24T13:08:48: PM2 log: Application log path : /home/nginx/diagame/.pm2/logs
2020-03-24T13:08:48: PM2 log: Process dump file    : /home/nginx/diagame/.pm2/dump.pm2
2020-03-24T13:08:48: PM2 log: Concurrent actions   : 2
2020-03-24T13:08:48: PM2 log: SIGTERM timeout      : 1600
2020-03-24T13:08:48: PM2 log: ===============================================================================
2020-03-24T13:09:16: PM2 log: App [app:0] starting in -fork mode-
2020-03-24T13:09:16: PM2 log: App [app:0] online
2020-03-24T13:09:18: PM2 log: App [app:0] exited with code [1] via signal [SIGINT]
2020-03-24T13:09:18: PM2 log: App [app:0] starting in -fork mode-
2020-03-24T13:09:18: PM2 log: App [app:0] online
2020-03-24T13:09:18: PM2 log: App [app:0] exited with code [1] via signal [SIGINT]
2020-03-24T13:09:18: PM2 log: App [app:0] starting in -fork mode-
2020-03-24T13:09:18: PM2 log: App [app:0] online
2020-03-24T13:09:19: PM2 log: App [app:0] exited with code [1] via signal [SIGINT]
2020-03-24T13:09:19: PM2 log: App [app:0] starting in -fork mode-
2020-03-24T13:09:19: PM2 log: App [app:0] online
2020-03-24T13:09:20: PM2 log: App [app:0] exited with code [1] via signal [SIGINT]
2020-03-24T13:09:20: PM2 log: App [app:0] starting in -fork mode-
2020-03-24T13:09:20: PM2 log: App [app:0] online
2020-03-24T13:09:21: PM2 log: App [app:0] exited with code [1] via signal [SIGINT]
2020-03-24T13:09:21: PM2 log: App [app:0] starting in -fork mode-
2020-03-24T13:09:21: PM2 log: App [app:0] online
2020-03-24T13:09:22: PM2 log: App [app:0] exited with code [1] via signal [SIGINT]
2020-03-24T13:09:22: PM2 log: App [app:0] starting in -fork mode-
2020-03-24T13:09:22: PM2 log: App [app:0] online
2020-03-24T13:09:22: PM2 log: App [app:0] exited with code [1] via signal [SIGINT]
2020-03-24T13:09:22: PM2 log: App [app:0] starting in -fork mode-
2020-03-24T13:09:22: PM2 log: App [app:0] online
2020-03-24T13:09:23: PM2 log: App [app:0] exited with code [1] via signal [SIGINT]
2020-03-24T13:09:23: PM2 log: App [app:0] starting in -fork mode-
2020-03-24T13:09:23: PM2 log: App [app:0] online
2020-03-24T13:09:24: PM2 log: App [app:0] exited with code [1] via signal [SIGINT]
2020-03-24T13:09:24: PM2 log: App [app:0] starting in -fork mode-
2020-03-24T13:09:24: PM2 log: App [app:0] online
2020-03-24T13:09:25: PM2 log: App [app:0] exited with code [1] via signal [SIGINT]
2020-03-24T13:09:25: PM2 log: App [app:0] starting in -fork mode-
2020-03-24T13:09:25: PM2 log: App [app:0] online
2020-03-24T13:09:26: PM2 log: App [app:0] exited with code [1] via signal [SIGINT]
2020-03-24T13:09:26: PM2 log: App [app:0] starting in -fork mode-
2020-03-24T13:09:26: PM2 log: App [app:0] online
2020-03-24T13:09:27: PM2 log: App [app:0] exited with code [1] via signal [SIGINT]
2020-03-24T13:09:27: PM2 log: App [app:0] starting in -fork mode-
2020-03-24T13:09:27: PM2 log: App [app:0] online
2020-03-24T13:09:27: PM2 log: App [app:0] exited with code [1] via signal [SIGINT]
2020-03-24T13:09:27: PM2 log: App [app:0] starting in -fork mode-
2020-03-24T13:09:27: PM2 log: App [app:0] online
2020-03-24T13:09:28: PM2 log: App [app:0] exited with code [1] via signal [SIGINT]
2020-03-24T13:09:28: PM2 log: App [app:0] starting in -fork mode-
2020-03-24T13:09:28: PM2 log: App [app:0] online
2020-03-24T13:09:29: PM2 log: App [app:0] exited with code [1] via signal [SIGINT]
2020-03-24T13:09:29: PM2 log: App [app:0] starting in -fork mode-
2020-03-24T13:09:29: PM2 log: App [app:0] online
2020-03-24T13:09:30: PM2 log: App [app:0] exited with code [1] via signal [SIGINT]
2020-03-24T13:09:30: PM2 log: App [app:0] starting in -fork mode-
2020-03-24T13:09:30: PM2 log: App [app:0] online
2020-03-24T13:09:31: PM2 log: App [app:0] exited with code [1] via signal [SIGINT]
2020-03-24T13:09:31: PM2 log: Script /home/nginx/diagame-v2/app.js had too many unstable restarts (16). Stopped. "errored"
2020-03-24T13:10:24: PM2 log: App [app:0] starting in -fork mode-
2020-03-24T13:10:24: PM2 log: App [app:0] online
2020-03-24T13:10:25: PM2 log: App [app:0] exited with code [1] via signal [SIGINT]
2020-03-24T13:10:25: PM2 log: App [app:0] starting in -fork mode-
2020-03-24T13:10:25: PM2 log: App [app:0] online
2020-03-24T13:10:26: PM2 log: App [app:0] exited with code [1] via signal [SIGINT]
2020-03-24T13:10:26: PM2 log: App [app:0] starting in -fork mode-
2020-03-24T13:10:26: PM2 log: App [app:0] online
2020-03-24T13:10:27: PM2 log: App [app:0] exited with code [1] via signal [SIGINT]
2020-03-24T13:10:27: PM2 log: App [app:0] starting in -fork mode-
2020-03-24T13:10:27: PM2 log: App [app:0] online
2020-03-24T13:10:28: PM2 log: App [app:0] exited with code [1] via signal [SIGINT]
2020-03-24T13:10:28: PM2 log: App [app:0] starting in -fork mode-
2020-03-24T13:10:28: PM2 log: App [app:0] online
2020-03-24T13:10:28: PM2 log: App [app:0] exited with code [1] via signal [SIGINT]
2020-03-24T13:10:28: PM2 log: App [app:0] starting in -fork mode-
2020-03-24T13:10:29: PM2 log: App [app:0] online
2020-03-24T13:10:30: PM2 log: App [app:0] exited with code [1] via signal [SIGINT]
2020-03-24T13:10:30: PM2 log: App [app:0] starting in -fork mode-
2020-03-24T13:10:30: PM2 log: App [app:0] online
2020-03-24T13:10:31: PM2 log: App [app:0] exited with code [1] via signal [SIGINT]
2020-03-24T13:10:31: PM2 log: App [app:0] starting in -fork mode-
2020-03-24T13:10:31: PM2 log: App [app:0] online
2020-03-24T13:10:31: PM2 log: App [app:0] exited with code [1] via signal [SIGINT]
2020-03-24T13:10:31: PM2 log: App [app:0] starting in -fork mode-
2020-03-24T13:10:31: PM2 log: App [app:0] online
2020-03-24T13:10:32: PM2 log: App [app:0] exited with code [1] via signal [SIGINT]
2020-03-24T13:10:32: PM2 log: App [app:0] starting in -fork mode-
2020-03-24T13:10:32: PM2 log: App [app:0] online
2020-03-24T13:10:33: PM2 log: App [app:0] exited with code [1] via signal [SIGINT]
2020-03-24T13:10:33: PM2 log: App [app:0] starting in -fork mode-
2020-03-24T13:10:33: PM2 log: App [app:0] online
2020-03-24T13:10:34: PM2 log: App [app:0] exited with code [1] via signal [SIGINT]
2020-03-24T13:10:34: PM2 log: App [app:0] starting in -fork mode-
2020-03-24T13:10:34: PM2 log: App [app:0] online
2020-03-24T13:10:35: PM2 log: App [app:0] exited with code [1] via signal [SIGINT]
2020-03-24T13:10:35: PM2 log: App [app:0] starting in -fork mode-
2020-03-24T13:10:35: PM2 log: App [app:0] online
2020-03-24T13:10:36: PM2 log: App [app:0] exited with code [1] via signal [SIGINT]
2020-03-24T13:10:36: PM2 log: App [app:0] starting in -fork mode-
2020-03-24T13:10:36: PM2 log: App [app:0] online
2020-03-24T13:10:37: PM2 log: App [app:0] exited with code [1] via signal [SIGINT]
2020-03-24T13:10:37: PM2 log: App [app:0] starting in -fork mode-
2020-03-24T13:10:37: PM2 log: App [app:0] online
2020-03-24T13:10:37: PM2 log: App [app:0] exited with code [1] via signal [SIGINT]
2020-03-24T13:10:37: PM2 log: App [app:0] starting in -fork mode-
2020-03-24T13:10:37: PM2 log: App [app:0] online
2020-03-24T13:10:38: PM2 log: App [app:0] exited with code [1] via signal [SIGINT]
2020-03-24T13:10:38: PM2 log: App [app:0] starting in -fork mode-
2020-03-24T13:10:38: PM2 log: App [app:0] online
2020-03-24T13:10:39: PM2 log: App [app:0] exited with code [1] via signal [SIGINT]
2020-03-24T13:10:39: PM2 log: App [app:0] starting in -fork mode-
2020-03-24T13:10:39: PM2 log: App [app:0] online
2020-03-24T13:10:40: PM2 log: App [app:0] exited with code [1] via signal [SIGINT]
2020-03-24T13:10:40: PM2 log: Script /home/nginx/diagame-v2/app.js had too many unstable restarts (16). Stopped. "errored"
2020-03-26T11:09:37: PM2 log: App [app:0] starting in -fork mode-
2020-03-26T11:09:37: PM2 log: App [app:0] online
2020-03-26T11:09:38: PM2 log: App [app:0] exited with code [1] via signal [SIGINT]
2020-03-26T11:09:38: PM2 log: App [app:0] starting in -fork mode-
2020-03-26T11:09:38: PM2 log: App [app:0] online
2020-03-26T11:09:39: PM2 log: App [app:0] exited with code [1] via signal [SIGINT]
2020-03-26T11:09:39: PM2 log: App [app:0] starting in -fork mode-
2020-03-26T11:09:39: PM2 log: App [app:0] online
2020-03-26T11:09:39: PM2 log: App [app:0] exited with code [1] via signal [SIGINT]
2020-03-26T11:09:39: PM2 log: App [app:0] starting in -fork mode-
2020-03-26T11:09:39: PM2 log: App [app:0] online
2020-03-26T11:09:40: PM2 log: App [app:0] exited with code [1] via signal [SIGINT]
2020-03-26T11:09:40: PM2 log: App [app:0] starting in -fork mode-
2020-03-26T11:09:40: PM2 log: App [app:0] online
2020-03-26T11:09:41: PM2 log: App [app:0] exited with code [1] via signal [SIGINT]
2020-03-26T11:09:41: PM2 log: App [app:0] starting in -fork mode-
2020-03-26T11:09:41: PM2 log: App [app:0] online
2020-03-26T11:09:42: PM2 log: App [app:0] exited with code [1] via signal [SIGINT]
2020-03-26T11:09:42: PM2 log: App [app:0] starting in -fork mode-
2020-03-26T11:09:42: PM2 log: App [app:0] online
2020-03-26T11:09:43: PM2 log: App [app:0] exited with code [1] via signal [SIGINT]
2020-03-26T11:09:43: PM2 log: App [app:0] starting in -fork mode-
2020-03-26T11:09:43: PM2 log: App [app:0] online
2020-03-26T11:09:44: PM2 log: App [app:0] exited with code [1] via signal [SIGINT]
2020-03-26T11:09:44: PM2 log: App [app:0] starting in -fork mode-
2020-03-26T11:09:44: PM2 log: App [app:0] online
2020-03-26T11:09:44: PM2 log: App [app:0] exited with code [1] via signal [SIGINT]
2020-03-26T11:09:44: PM2 log: App [app:0] starting in -fork mode-
2020-03-26T11:09:44: PM2 log: App [app:0] online
2020-03-26T11:09:45: PM2 log: App [app:0] exited with code [1] via signal [SIGINT]
2020-03-26T11:09:45: PM2 log: App [app:0] starting in -fork mode-
2020-03-26T11:09:45: PM2 log: App [app:0] online
2020-03-26T11:09:46: PM2 log: App [app:0] exited with code [1] via signal [SIGINT]
2020-03-26T11:09:46: PM2 log: App [app:0] starting in -fork mode-
2020-03-26T11:09:46: PM2 log: App [app:0] online
2020-03-26T11:09:47: PM2 log: App [app:0] exited with code [1] via signal [SIGINT]
2020-03-26T11:09:47: PM2 log: App [app:0] starting in -fork mode-
2020-03-26T11:09:47: PM2 log: App [app:0] online
2020-03-26T11:09:48: PM2 log: App [app:0] exited with code [1] via signal [SIGINT]
2020-03-26T11:09:48: PM2 log: App [app:0] starting in -fork mode-
2020-03-26T11:09:48: PM2 log: App [app:0] online
2020-03-26T11:09:48: PM2 log: App [app:0] exited with code [1] via signal [SIGINT]
2020-03-26T11:09:48: PM2 log: App [app:0] starting in -fork mode-
2020-03-26T11:09:48: PM2 log: App [app:0] online
2020-03-26T11:09:49: PM2 log: App [app:0] exited with code [1] via signal [SIGINT]
2020-03-26T11:09:49: PM2 log: App [app:0] starting in -fork mode-
2020-03-26T11:09:49: PM2 log: App [app:0] online
2020-03-26T11:09:50: PM2 log: App [app:0] exited with code [1] via signal [SIGINT]
2020-03-26T11:09:50: PM2 log: Script /home/nginx/diagame-v2/app.js had too many unstable restarts (16). Stopped. "errored"
2020-03-26T11:10:42: PM2 log: App [app:0] starting in -fork mode-
2020-03-26T11:10:42: PM2 log: App [app:0] online
2020-03-26T11:10:43: PM2 log: App [app:0] exited with code [1] via signal [SIGINT]
2020-03-26T11:10:43: PM2 log: App [app:0] starting in -fork mode-
2020-03-26T11:10:43: PM2 log: App [app:0] online
2020-03-26T11:10:44: PM2 log: App [app:0] exited with code [1] via signal [SIGINT]
2020-03-26T11:10:44: PM2 log: App [app:0] starting in -fork mode-
2020-03-26T11:10:44: PM2 log: App [app:0] online
2020-03-26T11:10:45: PM2 log: App [app:0] exited with code [1] via signal [SIGINT]
2020-03-26T11:10:45: PM2 log: App [app:0] starting in -fork mode-
2020-03-26T11:10:45: PM2 log: App [app:0] online
2020-03-26T11:10:46: PM2 log: App [app:0] exited with code [1] via signal [SIGINT]
2020-03-26T11:10:46: PM2 log: App [app:0] starting in -fork mode-
2020-03-26T11:10:46: PM2 log: App [app:0] online
2020-03-26T11:10:47: PM2 log: App [app:0] exited with code [1] via signal [SIGINT]
2020-03-26T11:10:47: PM2 log: App [app:0] starting in -fork mode-
2020-03-26T11:10:47: PM2 log: App [app:0] online
2020-03-26T11:10:47: PM2 log: App [app:0] exited with code [1] via signal [SIGINT]
2020-03-26T11:10:47: PM2 log: App [app:0] starting in -fork mode-
2020-03-26T11:10:47: PM2 log: App [app:0] online
2020-03-26T11:10:48: PM2 log: App [app:0] exited with code [1] via signal [SIGINT]
2020-03-26T11:10:48: PM2 log: App [app:0] starting in -fork mode-
2020-03-26T11:10:48: PM2 log: App [app:0] online
2020-03-26T11:10:49: PM2 log: App [app:0] exited with code [1] via signal [SIGINT]
2020-03-26T11:10:49: PM2 log: App [app:0] starting in -fork mode-
2020-03-26T11:10:49: PM2 log: App [app:0] online
2020-03-26T11:10:50: PM2 log: App [app:0] exited with code [1] via signal [SIGINT]
2020-03-26T11:10:50: PM2 log: App [app:0] starting in -fork mode-
2020-03-26T11:10:50: PM2 log: App [app:0] online
2020-03-26T11:10:51: PM2 log: App [app:0] exited with code [1] via signal [SIGINT]
2020-03-26T11:10:51: PM2 log: App [app:0] starting in -fork mode-
2020-03-26T11:10:51: PM2 log: App [app:0] online
2020-03-26T11:10:52: PM2 log: App [app:0] exited with code [1] via signal [SIGINT]
2020-03-26T11:10:52: PM2 log: App [app:0] starting in -fork mode-
2020-03-26T11:10:52: PM2 log: App [app:0] online
2020-03-26T11:10:53: PM2 log: App [app:0] exited with code [1] via signal [SIGINT]
2020-03-26T11:10:53: PM2 log: App [app:0] starting in -fork mode-
2020-03-26T11:10:53: PM2 log: App [app:0] online
2020-03-26T11:10:54: PM2 log: App [app:0] exited with code [1] via signal [SIGINT]
2020-03-26T11:10:54: PM2 log: App [app:0] starting in -fork mode-
2020-03-26T11:10:54: PM2 log: App [app:0] online
2020-03-26T11:10:54: PM2 log: App [app:0] exited with code [1] via signal [SIGINT]
2020-03-26T11:10:54: PM2 log: App [app:0] starting in -fork mode-
2020-03-26T11:10:54: PM2 log: App [app:0] online
2020-03-26T11:10:55: PM2 log: App [app:0] exited with code [1] via signal [SIGINT]
2020-03-26T11:10:55: PM2 log: App [app:0] starting in -fork mode-
2020-03-26T11:10:55: PM2 log: App [app:0] online
2020-03-26T11:10:56: PM2 log: App [app:0] exited with code [1] via signal [SIGINT]
2020-03-26T11:10:56: PM2 log: App [app:0] starting in -fork mode-
2020-03-26T11:10:56: PM2 log: App [app:0] online
2020-03-26T11:10:57: PM2 log: App [app:0] exited with code [1] via signal [SIGINT]
2020-03-26T11:10:57: PM2 log: Script /home/nginx/diagame-v2/app.js had too many unstable restarts (16). Stopped. "errored"
2020-03-26T11:12:42: PM2 log: Stopping app:app id:0
2020-03-26T11:12:42: PM2 error: app=app id=0 does not have a pid
